TN:
SF:src/RavdeskEscrow.sol
DA:10,0
FN:10,ReentrancyGuard.constructor
FNDA:0,ReentrancyGuard.constructor
DA:11,0
DA:14,0
FN:14,ReentrancyGuard.nonReentrant
FNDA:0,ReentrancyGuard.nonReentrant
DA:15,0
BRDA:15,0,0,-
BRDA:15,0,1,-
DA:16,0
DA:18,0
DA:26,0
FN:26,Ownable.constructor
FNDA:0,Ownable.constructor
DA:27,0
DA:30,0
FN:30,Ownable.onlyOwner
FNDA:0,Ownable.onlyOwner
DA:31,0
BRDA:31,0,0,-
BRDA:31,0,1,-
DA:38,0
FN:38,SafeMath.add
FNDA:0,SafeMath.add
DA:39,0
DA:42,0
FN:42,SafeMath.sub
FNDA:0,SafeMath.sub
DA:43,0
BRDA:43,0,0,-
BRDA:43,0,1,-
DA:44,0
DA:47,0
FN:47,SafeMath.mul
FNDA:0,SafeMath.mul
DA:48,0
DA:51,0
FN:51,SafeMath.div
FNDA:0,SafeMath.div
DA:52,0
BRDA:52,1,0,-
BRDA:52,1,1,-
DA:53,0
DA:104,0
FN:104,RavdeskEscrow.onlyParticipants
FNDA:0,RavdeskEscrow.onlyParticipants
DA:105,0
DA:106,0
DA:107,0
BRDA:107,0,0,-
DA:109,0
DA:110,0
BRDA:110,1,0,-
DA:112,0
BRDA:112,2,0,-
BRDA:112,2,1,-
DA:116,0
FN:116,RavdeskEscrow.onlyActive
FNDA:0,RavdeskEscrow.onlyActive
DA:117,0
BRDA:117,3,0,-
BRDA:117,3,1,-
DA:121,0
FN:121,RavdeskEscrow.onlyAdmin
FNDA:0,RavdeskEscrow.onlyAdmin
DA:122,0
BRDA:122,4,0,-
BRDA:122,4,1,-
DA:126,0
FN:126,RavdeskEscrow.constructor
FNDA:0,RavdeskEscrow.constructor
DA:135,0
BRDA:135,5,0,-
BRDA:135,5,1,-
DA:136,0
BRDA:136,6,0,-
BRDA:136,6,1,-
DA:137,0
BRDA:137,7,0,-
BRDA:137,7,1,-
DA:139,0
DA:140,0
DA:141,0
DA:142,0
DA:143,0
DA:145,0
BRDA:145,8,0,-
BRDA:145,8,1,-
DA:146,0
DA:147,0
DA:148,0
BRDA:148,9,0,-
BRDA:148,9,1,-
DA:149,0
DA:150,0
DA:152,0
BRDA:152,10,0,-
BRDA:152,10,1,-
DA:154,0
DA:157,0
BRDA:157,11,0,-
BRDA:157,11,1,-
DA:158,0
BRDA:158,12,0,-
BRDA:158,12,1,-
DA:159,0
DA:160,0
DA:161,0
DA:162,0
DA:164,0
BRDA:164,13,0,-
BRDA:164,13,1,-
DA:165,0
DA:166,0
DA:167,0
DA:168,0
DA:169,0
DA:171,0
DA:172,0
DA:173,0
DA:174,0
DA:176,0
DA:177,0
DA:180,0
DA:183,0
FN:183,RavdeskEscrow.deposit
FNDA:0,RavdeskEscrow.deposit
DA:184,0
BRDA:184,14,0,-
BRDA:184,14,1,-
DA:185,0
BRDA:185,15,0,-
BRDA:185,15,1,-
DA:186,0
BRDA:186,16,0,-
BRDA:186,16,1,-
DA:187,0
BRDA:187,17,0,-
BRDA:187,17,1,-
DA:189,0
DA:190,0
BRDA:190,18,0,-
DA:191,0
DA:194,0
DA:195,0
DA:196,0
DA:198,0
BRDA:198,19,0,-
DA:199,0
DA:202,0
BRDA:202,20,0,-
DA:203,0
DA:204,0
DA:205,0
DA:206,0
DA:207,0
BRDA:207,21,0,-
DA:208,0
DA:210,0
DA:214,0
FN:214,RavdeskEscrow.completeMilestone
FNDA:0,RavdeskEscrow.completeMilestone
DA:215,0
BRDA:215,22,0,-
BRDA:215,22,1,-
DA:216,0
BRDA:216,23,0,-
BRDA:216,23,1,-
DA:217,0
BRDA:217,24,0,-
BRDA:217,24,1,-
DA:219,0
DA:220,0
DA:221,0
DA:224,0
FN:224,RavdeskEscrow.approveAction
FNDA:0,RavdeskEscrow.approveAction
DA:225,0
DA:226,0
DA:228,0
BRDA:228,25,0,-
BRDA:228,25,1,-
DA:229,0
BRDA:229,26,0,-
BRDA:229,26,1,-
DA:230,0
BRDA:230,27,0,-
BRDA:230,27,1,-
DA:231,0
DA:232,0
DA:233,0
BRDA:233,28,0,-
DA:234,0
BRDA:234,29,0,-
BRDA:234,29,1,-
DA:235,0
DA:236,0
DA:238,0
BRDA:238,30,0,-
DA:239,0
DA:240,0
DA:244,0
FN:244,RavdeskEscrow.releaseFundsMilestone
FNDA:0,RavdeskEscrow.releaseFundsMilestone
DA:245,0
BRDA:245,31,0,-
BRDA:245,31,1,-
DA:246,0
BRDA:246,32,0,-
BRDA:246,32,1,-
DA:247,0
BRDA:247,33,0,-
BRDA:247,33,1,-
DA:248,0
BRDA:248,34,0,-
BRDA:248,34,1,-
DA:250,0
DA:251,0
DA:253,0
DA:254,0
DA:255,0
DA:257,0
DA:260,0
FN:260,RavdeskEscrow.releaseFundsTimeLock
FNDA:0,RavdeskEscrow.releaseFundsTimeLock
DA:261,0
BRDA:261,35,0,-
BRDA:261,35,1,-
DA:262,0
BRDA:262,36,0,-
BRDA:262,36,1,-
DA:263,0
BRDA:263,37,0,-
BRDA:263,37,1,-
DA:265,0
DA:266,0
DA:268,0
DA:269,0
DA:270,0
DA:272,0
DA:273,0
DA:276,0
FN:276,RavdeskEscrow.timeLockRelease
FNDA:0,RavdeskEscrow.timeLockRelease
DA:277,0
BRDA:277,38,0,-
BRDA:277,38,1,-
DA:278,0
DA:281,0
FN:281,RavdeskEscrow.cancelContract
FNDA:0,RavdeskEscrow.cancelContract
DA:282,0
DA:283,0
DA:284,0
DA:286,0
DA:287,0
DA:288,0
DA:289,0
BRDA:289,39,0,-
DA:290,0
DA:291,0
BRDA:291,40,0,-
DA:292,0
DA:293,0
DA:297,0
DA:300,0
FN:300,RavdeskEscrow.adminCancel
FNDA:0,RavdeskEscrow.adminCancel
DA:301,0
DA:304,0
FN:304,RavdeskEscrow.isClient
FNDA:0,RavdeskEscrow.isClient
DA:305,0
DA:306,0
DA:308,0
DA:311,0
FN:311,RavdeskEscrow.isFreelancer
FNDA:0,RavdeskEscrow.isFreelancer
DA:312,0
DA:313,0
DA:315,0
DA:318,0
FN:318,RavdeskEscrow.checkFullConsensus
FNDA:0,RavdeskEscrow.checkFullConsensus
DA:319,0
DA:320,0
DA:321,0
DA:322,0
BRDA:322,43,0,-
DA:324,0
DA:325,0
BRDA:325,44,0,-
DA:327,0
DA:328,0
DA:329,0
DA:332,0
FN:332,RavdeskEscrow.checkClientConsensus
FNDA:0,RavdeskEscrow.checkClientConsensus
DA:333,0
DA:334,0
DA:335,0
BRDA:335,45,0,-
DA:337,0
DA:338,0
DA:341,0
FN:341,RavdeskEscrow.checkFreelancerConsensus
FNDA:0,RavdeskEscrow.checkFreelancerConsensus
DA:342,0
DA:343,0
DA:344,0
BRDA:344,46,0,-
DA:346,0
DA:347,0
DA:350,0
FN:350,RavdeskEscrow.resetApprovals
FNDA:0,RavdeskEscrow.resetApprovals
DA:351,0
DA:352,0
DA:354,0
DA:355,0
DA:359,0
FN:359,RavdeskEscrow.getContractBalance
FNDA:0,RavdeskEscrow.getContractBalance
DA:360,0
DA:363,0
FN:363,RavdeskEscrow.getMilestone
FNDA:0,RavdeskEscrow.getMilestone
DA:364,0
DA:367,0
FN:367,RavdeskEscrow.getFreelancerShare
FNDA:0,RavdeskEscrow.getFreelancerShare
DA:368,0
DA:369,0
DA:371,0
FNF:29
FNH:0
LF:193
LH:0
BRF:84
BRH:0
end_of_record
TN:
SF:src/RavdeskEscrowSecure.sol
DA:85,28
FN:85,RavdeskEscrowSecure.onlyParticipants
FNDA:28,RavdeskEscrowSecure.onlyParticipants
DA:86,28
BRDA:86,0,0,1
BRDA:86,0,1,48
DA:90,2
FN:90,RavdeskEscrowSecure.onlyActive
FNDA:2,RavdeskEscrowSecure.onlyActive
DA:91,2
BRDA:91,1,0,-
BRDA:91,1,1,3
DA:95,3
FN:95,RavdeskEscrowSecure.onlyAdminCouncil
FNDA:3,RavdeskEscrowSecure.onlyAdminCouncil
DA:96,3
BRDA:96,2,0,-
BRDA:96,2,1,3
DA:100,4
FN:100,RavdeskEscrowSecure.nonReentrant
FNDA:4,RavdeskEscrowSecure.nonReentrant
DA:101,4
BRDA:101,3,0,-
BRDA:101,3,1,3
DA:102,4
DA:104,3
DA:107,48
FN:107,RavdeskEscrowSecure.notPaused
FNDA:48,RavdeskEscrowSecure.notPaused
DA:108,48
BRDA:108,4,0,1
BRDA:108,4,1,47
DA:114,95
FN:114,RavdeskEscrowSecure.constructor
FNDA:95,RavdeskEscrowSecure.constructor
DA:124,95
DA:125,95
DA:128,95
BRDA:128,5,0,2
BRDA:128,5,1,93
DA:129,93
DA:130,278
BRDA:130,6,0,1
BRDA:130,6,1,277
DA:131,277
DA:132,277
DA:135,92
DA:136,92
DA:137,92
DA:138,92
DA:139,92
DA:141,92
DA:143,46
BRDA:143,7,0,46
BRDA:143,7,1,45
DA:144,46
BRDA:144,8,0,1
BRDA:144,8,1,45
DA:145,45
DA:147,46
DA:150,91
DA:155,49
FN:155,RavdeskEscrowSecure.deposit
FNDA:49,RavdeskEscrowSecure.deposit
DA:156,47
BRDA:156,9,0,1
BRDA:156,9,1,46
DA:157,46
BRDA:157,10,0,1
BRDA:157,10,1,45
DA:158,45
BRDA:158,11,0,1
BRDA:158,11,1,44
DA:161,44
DA:162,44
DA:164,4
BRDA:164,12,0,4
BRDA:164,12,1,39
DA:165,4
DA:167,40
BRDA:167,13,0,1
BRDA:167,13,1,39
DA:170,43
DA:173,43
BRDA:173,14,0,23
DA:174,23
DA:178,13
FN:178,RavdeskEscrowSecure.completeMilestone
FNDA:13,RavdeskEscrowSecure.completeMilestone
DA:179,11
BRDA:179,15,0,1
BRDA:179,15,1,10
DA:180,10
BRDA:180,16,0,2
BRDA:180,16,1,8
DA:181,8
BRDA:181,17,0,-
BRDA:181,17,1,8
DA:183,8
DA:184,8
DA:185,8
DA:188,28
FN:188,RavdeskEscrowSecure.approveAction
FNDA:28,RavdeskEscrowSecure.approveAction
DA:189,28
DA:190,28
DA:192,19
BRDA:192,18,0,19
BRDA:192,18,1,9
DA:193,19
BRDA:193,19,0,5
DA:194,0
BRDA:194,20,0,-
BRDA:194,20,1,5
DA:195,0
DA:197,5
DA:199,5
DA:201,9
BRDA:201,21,0,1
DA:202,1
DA:203,1
DA:208,4
FN:208,RavdeskEscrowSecure.withdraw
FNDA:4,RavdeskEscrowSecure.withdraw
DA:209,4
DA:210,4
BRDA:210,22,0,1
BRDA:210,22,1,3
DA:212,3
DA:213,3
DA:216,3
FN:216,RavdeskEscrowSecure.timeLockRelease
FNDA:3,RavdeskEscrowSecure.timeLockRelease
DA:217,3
BRDA:217,23,0,1
BRDA:217,23,1,2
DA:218,2
BRDA:218,24,0,1
BRDA:218,24,1,1
DA:220,1
DA:225,10
FN:225,RavdeskEscrowSecure.activateEmergency
FNDA:10,RavdeskEscrowSecure.activateEmergency
DA:226,9
BRDA:226,25,0,1
BRDA:226,25,1,8
DA:227,8
DA:228,8
DA:229,8
DA:232,3
FN:232,RavdeskEscrowSecure.deactivateEmergency
FNDA:3,RavdeskEscrowSecure.deactivateEmergency
DA:233,3
BRDA:233,26,0,1
BRDA:233,26,1,2
DA:234,2
BRDA:234,27,0,-
BRDA:234,27,1,2
DA:239,2
DA:240,2
DA:244,3
FN:244,RavdeskEscrowSecure.forceRelease
FNDA:3,RavdeskEscrowSecure.forceRelease
DA:245,3
BRDA:245,28,0,1
BRDA:245,28,1,2
DA:246,2
BRDA:246,29,0,1
BRDA:246,29,1,1
DA:249,1
DA:254,3
FN:254,RavdeskEscrowSecure.adminCancel
FNDA:3,RavdeskEscrowSecure.adminCancel
DA:255,2
BRDA:255,30,0,1
BRDA:255,30,1,1
DA:256,1
DA:261,2
FN:261,RavdeskEscrowSecure.getContractBalance
FNDA:2,RavdeskEscrowSecure.getContractBalance
DA:262,2
DA:265,5
FN:265,RavdeskEscrowSecure.getMilestone
FNDA:5,RavdeskEscrowSecure.getMilestone
DA:266,5
DA:269,3
FN:269,RavdeskEscrowSecure.getFreelancerShare
FNDA:3,RavdeskEscrowSecure.getFreelancerShare
DA:270,3
DA:271,3
DA:272,5
BRDA:272,31,0,2
DA:273,2
DA:276,1
DA:279,13
FN:279,RavdeskEscrowSecure.getPendingWithdrawal
FNDA:13,RavdeskEscrowSecure.getPendingWithdrawal
DA:280,13
DA:285,23
FN:285,RavdeskEscrowSecure._activateContract
FNDA:23,RavdeskEscrowSecure._activateContract
DA:286,23
DA:287,23
DA:288,23
DA:291,23
DA:292,23
DA:293,69
DA:296,23
DA:297,23
DA:300,5
FN:300,RavdeskEscrowSecure._queueMilestoneRelease
FNDA:5,RavdeskEscrowSecure._queueMilestoneRelease
DA:301,5
BRDA:301,32,0,-
BRDA:301,32,1,5
DA:302,5
BRDA:302,33,0,-
BRDA:302,33,1,5
DA:303,5
BRDA:303,34,0,-
BRDA:303,34,1,5
DA:305,5
DA:306,5
DA:309,5
DA:310,5
DA:311,9
DA:312,9
DA:313,9
DA:316,5
DA:319,1
FN:319,RavdeskEscrowSecure._queueTimelockRelease
FNDA:1,RavdeskEscrowSecure._queueTimelockRelease
DA:320,1
BRDA:320,35,0,-
BRDA:320,35,1,1
DA:322,1
DA:323,1
DA:326,1
DA:327,1
DA:328,1
DA:329,1
DA:330,1
DA:333,1
DA:336,2
FN:336,RavdeskEscrowSecure._cancelContract
FNDA:2,RavdeskEscrowSecure._cancelContract
DA:337,2
DA:338,2
DA:340,2
DA:341,2
DA:344,2
DA:345,4
DA:346,4
DA:347,4
BRDA:347,36,0,4
DA:348,4
DA:349,4
BRDA:349,37,0,4
DA:350,4
DA:351,4
DA:352,4
DA:357,2
DA:360,1
FN:360,RavdeskEscrowSecure._emergencyDistribution
FNDA:1,RavdeskEscrowSecure._emergencyDistribution
DA:361,1
DA:362,1
DA:363,1
DA:366,1
DA:367,2
DA:369,1
DA:370,2
DA:376,19
FN:376,RavdeskEscrowSecure._checkFullConsensus
FNDA:19,RavdeskEscrowSecure._checkFullConsensus
DA:377,19
DA:380,22
FN:380,RavdeskEscrowSecure._checkClientConsensus
FNDA:22,RavdeskEscrowSecure._checkClientConsensus
DA:381,22
DA:382,22
DA:384,22
DA:385,33
BRDA:385,38,0,33
DA:388,22
DA:390,22
DA:393,14
FN:393,RavdeskEscrowSecure._checkFreelancerConsensus
FNDA:14,RavdeskEscrowSecure._checkFreelancerConsensus
DA:394,14
DA:395,14
DA:397,14
DA:398,13
BRDA:398,39,0,13
DA:401,14
DA:403,14
DA:406,12
FN:406,RavdeskEscrowSecure._checkAdminConsensus
FNDA:12,RavdeskEscrowSecure._checkAdminConsensus
DA:407,12
DA:408,12
DA:410,12
DA:411,15
BRDA:411,40,0,15
DA:414,12
DA:415,12
DA:418,6
FN:418,RavdeskEscrowSecure._resetApprovals
FNDA:6,RavdeskEscrowSecure._resetApprovals
DA:419,6
DA:420,6
DA:421,11
DA:424,6
DA:425,6
DA:426,11
DA:429,6
DA:430,6
DA:431,18
DA:437,90
FN:437,RavdeskEscrowSecure._isParticipant
FNDA:90,RavdeskEscrowSecure._isParticipant
DA:438,90
DA:441,135
FN:441,RavdeskEscrowSecure._isClient
FNDA:135,RavdeskEscrowSecure._isClient
DA:442,135
DA:443,135
DA:444,194
DA:446,19
DA:449,18
FN:449,RavdeskEscrowSecure._isFreelancer
FNDA:18,RavdeskEscrowSecure._isFreelancer
DA:450,18
DA:451,18
DA:452,30
DA:454,8
DA:457,2
FN:457,RavdeskEscrowSecure._getTotalPendingWithdrawals
FNDA:2,RavdeskEscrowSecure._getTotalPendingWithdrawals
DA:458,2
DA:459,2
DA:460,2
DA:461,4
DA:464,2
DA:465,2
DA:466,4
DA:469,2
DA:470,2
DA:471,6
DA:474,2
DA:479,95
FN:479,RavdeskEscrowSecure._validateConstructorParams
FNDA:95,RavdeskEscrowSecure._validateConstructorParams
DA:486,95
BRDA:486,43,0,-
BRDA:486,43,1,95
DA:487,95
BRDA:487,44,0,-
BRDA:487,44,1,95
DA:488,95
BRDA:488,45,0,-
BRDA:488,45,1,95
DA:490,95
BRDA:490,46,0,49
DA:491,49
BRDA:491,47,0,-
BRDA:491,47,1,49
DA:495,92
FN:495,RavdeskEscrowSecure._setupFreelancerShares
FNDA:92,RavdeskEscrowSecure._setupFreelancerShares
DA:499,92
BRDA:499,48,0,45
BRDA:499,48,1,47
DA:500,45
DA:501,45
DA:502,90
BRDA:502,49,0,-
BRDA:502,49,1,90
DA:503,90
DA:504,90
DA:506,45
BRDA:506,50,0,-
BRDA:506,50,1,45
DA:508,47
DA:512,46
FN:512,RavdeskEscrowSecure._setupMilestones
FNDA:46,RavdeskEscrowSecure._setupMilestones
DA:516,46
BRDA:516,51,0,-
BRDA:516,51,1,46
DA:518,46
DA:519,46
DA:521,46
DA:522,46
DA:523,91
DA:526,46
DA:527,46
DA:528,46
DA:530,46
DA:531,91
DA:532,91
FNF:36
FNH:36
LF:239
LH:237
BRF:90
BRH:73
end_of_record
